<?xml version="1.0" encoding="UTF-8"?>
<!-- Generated by org.testng.reporters.JUnitReportReporter -->
<testsuite hostname="Lab-637618506789106880-1" failures="0" tests="1" name="Academy.E2EProject.ValidateNav" time="4.483" errors="0" timestamp="2021-09-25T22:37:03 IST" skipped="0">
  <testcase classname="Academy.E2EProject.ValidateNav" name="ValidateNav" time="4.483"/>
  <system-out/>
</testsuite> <!-- Academy.E2EProject.ValidateNav -->
