<?xml version="1.0" encoding="UTF-8"?>
<!-- Generated by org.testng.reporters.JUnitReportReporter -->
<testsuite hostname="Lab-637618506789106880-1" failures="0" tests="1" name="Academy.E2EProject.ValidateOrder" time="4.344" errors="0" timestamp="2021-09-25T22:37:04 IST" skipped="0">
  <testcase classname="Academy.E2EProject.ValidateOrder" name="ValidateOrderTracking" time="4.344"/>
  <system-out/>
</testsuite> <!-- Academy.E2EProject.ValidateOrder -->
