<?xml version="1.0" encoding="UTF-8"?>
<!-- Generated by org.testng.reporters.JUnitReportReporter -->
<testsuite hostname="DESKTOP-IKAR8UA" failures="0" tests="1" name="Academy.E2EProject.ValidateCart" time="11.767" errors="0" timestamp="2021-09-24T20:08:42 IST" skipped="0">
  <testcase classname="Academy.E2EProject.ValidateCart" name="ValidateCart" time="11.767"/>
  <system-out/>
</testsuite> <!-- Academy.E2EProject.ValidateCart -->
