<?xml version="1.0" encoding="UTF-8"?>
<!-- Generated by org.testng.reporters.JUnitReportReporter -->
<testsuite hostname="DESKTOP-IKAR8UA" failures="0" tests="2" name="Academy.E2EProject.HomePage" time="18.692" errors="0" timestamp="2021-09-23T15:57:48 IST" skipped="0">
  <testcase classname="Academy.E2EProject.HomePage" name="ValidateHome" time="9.067"/>
  <system-out/>
  <testcase classname="Academy.E2EProject.HomePage" name="ValidateHome" time="9.625"/>
  <system-out/>
</testsuite> <!-- Academy.E2EProject.HomePage -->
